2024-04-13 13:20:23,027 [INFO] MainUpdater:2873 - connection check result : 10
2024-04-13 13:20:23,069 [INFO] MainUpdater:2873 - connection check result : 10
2024-04-13 13:20:23,207 [INFO] MicroXplorer:468 - Change Database Path : 
2024-04-13 13:20:23,207 [INFO] MicroXplorer:498 - Change Database Version : DB.6.0.100
2024-04-13 13:20:23,233 [ERROR] ProjectManagerView:394 - 
java.lang.NullPointerException: Cannot invoke "javax.swing.JTextField.getText()" because the return value of "java.util.List.get(int)" is null
	at com.st.microxplorer.plugins.projectmanager.gui.ProjectChoiceTab$10.caretUpdate(ProjectChoiceTab.java:2493) ~[filemanager.jar:?]
	at javax.swing.text.JTextComponent.fireCaretUpdate(JTextComponent.java:412) ~[?:?]
	at javax.swing.text.JTextComponent$MutableCaretEvent.fire(JTextComponent.java:4491) ~[?:?]
	at javax.swing.text.JTextComponent$MutableCaretEvent.stateChanged(JTextComponent.java:4513) ~[?:?]
	at javax.swing.text.DefaultCaret.fireStateChanged(DefaultCaret.java:842) ~[?:?]
	at javax.swing.text.DefaultCaret.changeCaretPosition(DefaultCaret.java:1313) ~[?:?]
	at javax.swing.text.DefaultCaret.handleSetDot(DefaultCaret.java:1212) ~[?:?]
	at javax.swing.text.DefaultCaret.setDot(DefaultCaret.java:1193) ~[?:?]
	at javax.swing.text.DefaultCaret$Handler.insertUpdate(DefaultCaret.java:1789) ~[?:?]
	at javax.swing.text.AbstractDocument.fireInsertUpdate(AbstractDocument.java:226) ~[?:?]
	at javax.swing.text.AbstractDocument.handleInsertString(AbstractDocument.java:780) ~[?:?]
	at javax.swing.text.AbstractDocument.insertString(AbstractDocument.java:739) ~[?:?]
	at javax.swing.text.PlainDocument.insertString(PlainDocument.java:131) ~[?:?]
	at javax.swing.text.AbstractDocument.replace(AbstractDocument.java:698) ~[?:?]
	at javax.swing.text.JTextComponent.setText(JTextComponent.java:1729) ~[?:?]
	at com.st.microxplorer.plugins.projectmanager.gui.ProjectChoiceTab.createHeapStackFields(ProjectChoiceTab.java:933) ~[filemanager.jar:?]
	at com.st.microxplorer.plugins.projectmanager.gui.ProjectChoiceTab.buildLinkSettingsPanel(ProjectChoiceTab.java:3426) ~[filemanager.jar:?]
	at com.st.microxplorer.plugins.projectmanager.gui.ProjectChoiceTab.defineWindowsFields(ProjectChoiceTab.java:1813) ~[filemanager.jar:?]
	at com.st.microxplorer.plugins.projectmanager.gui.ProjectChoiceTab.updateSettings(ProjectChoiceTab.java:533) ~[filemanager.jar:?]
	at com.st.microxplorer.plugins.projectmanager.gui.ProjectSettingsPanel.UpdateDialog(ProjectSettingsPanel.java:244) ~[filemanager.jar:?]
	at com.st.microxplorer.plugins.projectmanager.ProjectManagerView.propertyChange(ProjectManagerView.java:391) ~[filemanager.jar:?]
	at java.beans.PropertyChangeSupport.fire(PropertyChangeSupport.java:343) ~[?:?]
	at java.beans.PropertyChangeSupport.firePropertyChange(PropertyChangeSupport.java:335) ~[?:?]
	at java.beans.PropertyChangeSupport.firePropertyChange(PropertyChangeSupport.java:268) ~[?:?]
	at com.st.microxplorer.util.MXPropertyChangeSupport.firePropertyChange(MXPropertyChangeSupport.java:54) ~[STM32CubeMX.jar:?]
	at com.st.microxplorer.mxsystem.MxSystem.closeConfig(MxSystem.java:900) ~[STM32CubeMX.jar:?]
	at com.st.microxplorer.maingui.MainPanel.closeConfig(MainPanel.java:776) ~[STM32CubeMX.jar:?]
	at com.st.microxplorer.plugins.filemanager.engine.OpenFileManager.loadConfigurationFile(OpenFileManager.java:245) ~[filemanager.jar:?]
	at com.st.microxplorer.plugins.filemanager.engine.MainFileManager.userLoadConfig(MainFileManager.java:290) ~[filemanager.jar:?]
	at com.st.microxplorer.plugins.filemanager.FileManagerView.getSpecificTask(FileManagerView.java:247) ~[filemanager.jar:?]
	at com.st.stm32cube.common.mx.editor.CubeMxEditor.getMxTabbedPaneInstance(CubeMxEditor.java:1184) ~[com.st.stm32cube.common.mx_6.10.0.202311202037/:?]
	at com.st.stm32cube.common.mx.editor.CubeMxEditor$12$1.createSwingComponent(CubeMxEditor.java:1065) ~[com.st.stm32cube.common.mx_6.10.0.202311202037/:?]
	at com.st.stm32cube.common.mx.oss.core.awtswtbridge.EmbeddedSwingComposite.doComponentCreation(EmbeddedSwingComposite.java:492) ~[com.st.stm32cube.common.mx.oss_6.10.0.202311202037/:?]
	at com.st.stm32cube.common.mx.oss.core.awtswtbridge.EmbeddedSwingComposite$4.run(EmbeddedSwingComposite.java:291) ~[com.st.stm32cube.common.mx.oss_6.10.0.202311202037/:?]
	at com.st.stm32cube.common.mx.oss.core.awtswtbridge.AwtEnvironment$2.run(AwtEnvironment.java:166) ~[com.st.stm32cube.common.mx.oss_6.10.0.202311202037/:?]
	at java.awt.event.InvocationEvent.dispatch(InvocationEvent.java:318) ~[?:?]
	at java.awt.EventQueue.dispatchEventImpl(EventQueue.java:773) ~[?:?]
	at java.awt.EventQueue$4.run(EventQueue.java:720) ~[?:?]
	at java.awt.EventQueue$4.run(EventQueue.java:714) ~[?:?]
	at java.security.AccessController.doPrivileged(AccessController.java:399) ~[?:?]
	at java.security.ProtectionDomain$JavaSecurityAccessImpl.doIntersectionPrivilege(ProtectionDomain.java:86) ~[?:?]
	at java.awt.EventQueue.dispatchEvent(EventQueue.java:742) ~[?:?]
	at java.awt.EventDispatchThread.pumpOneEventForFilters(EventDispatchThread.java:203) ~[?:?]
	at java.awt.EventDispatchThread.pumpEventsForFilter(EventDispatchThread.java:124) ~[?:?]
	at java.awt.EventDispatchThread.pumpEventsForHierarchy(EventDispatchThread.java:113) ~[?:?]
	at java.awt.EventDispatchThread.pumpEvents(EventDispatchThread.java:109) ~[?:?]
	at java.awt.EventDispatchThread.pumpEvents(EventDispatchThread.java:101) ~[?:?]
	at java.awt.EventDispatchThread.run(EventDispatchThread.java:90) ~[?:?]
2024-04-13 13:20:23,234 [WARN] ThirdParty:871 - waiting for thirdparty lock release [close project]
2024-04-13 13:20:23,234 [INFO] ThirdParty:873 - entering critical section [close project]
2024-04-13 13:20:23,234 [INFO] ThirdParty:883 - exiting critical section [close project]
2024-04-13 13:20:23,236 [INFO] PinOutPanel:1499 - setPackage(No Configuration,No Configuration)
2024-04-13 13:20:23,244 [WARN] IpParametersView:151 - Warning: This peripheral hasn't parameters
2024-04-13 13:20:23,250 [WARN] MainPanel:272 - <html><b><center>Warning: This peripheral has no parameters to be configured<br></b></html>
2024-04-13 13:20:23,253 [INFO] UtilMem:75 - Begin LoadConfig() Used Memory: 743733432 Bytes (1073741824)
2024-04-13 13:20:23,253 [INFO] MicroXplorer:468 - Change Database Path : 
2024-04-13 13:20:23,253 [INFO] MicroXplorer:498 - Change Database Version : DB.6.0.100
2024-04-13 13:20:23,253 [INFO] OpenFileManager:312 - Change cursor
2024-04-13 13:20:23,280 [INFO] RulesReader:64 - Compatibility file has been processed (297 Rules)
2024-04-13 13:20:23,294 [INFO] Mcu:2016 - Initializing MCU STM32F429ZITx STM32F429ZITx STM32F429ZIT6
2024-04-13 13:20:25,700 [INFO] Context:659 - Trying to add GPIOservice into a context  which must be forbidden
2024-04-13 13:20:26,094 [INFO] RtosManager:555 - Registered RTOS mode: class=CMSIS, group=RTOS, mode=CMSIS_V1, owner=FREERTOS
2024-04-13 13:20:26,095 [INFO] RtosManager:555 - Registered RTOS mode: class=CMSIS, group=RTOS2, mode=CMSIS_V2, owner=FREERTOS
2024-04-13 13:20:26,095 [INFO] RtosManager:555 - Registered RTOS mode: class=RTOS, group=Core, mode=CMSIS_V1, owner=FREERTOS
2024-04-13 13:20:26,095 [INFO] RtosManager:555 - Registered RTOS mode: class=RTOS, group=Core, mode=CMSIS_V2, owner=FREERTOS
2024-04-13 13:20:26,095 [WARN] ModelIntegratedComponent:184 - Missing modes for component STMicroelectronics:FreeRTOS:0.0.1:STMicroelectronics:RTOS:FreeRTOS:Core:::10.2.0:
2024-04-13 13:20:26,102 [WARN] ModelIntegratedComponent:63 - No mode defined for component null
2024-04-13 13:20:26,102 [WARN] ModelIntegratedComponent:63 - No mode defined for component null
2024-04-13 13:20:26,102 [WARN] ModelIntegratedComponent:63 - No mode defined for component null
2024-04-13 13:20:26,102 [WARN] ModelIntegratedComponent:63 - No mode defined for component null
2024-04-13 13:20:26,102 [WARN] ModelIntegratedComponent:63 - No mode defined for component null
2024-04-13 13:20:26,102 [WARN] ModelIntegratedComponent:63 - No mode defined for component null
2024-04-13 13:20:26,102 [WARN] ModelIntegratedComponent:63 - No mode defined for component null
2024-04-13 13:20:26,102 [WARN] ModelIntegratedComponent:63 - No mode defined for component null
2024-04-13 13:20:26,102 [WARN] ModelIntegratedComponent:63 - No mode defined for component null
2024-04-13 13:20:26,102 [WARN] ModelIntegratedComponent:63 - No mode defined for component null
2024-04-13 13:20:26,102 [WARN] ModelIntegratedComponent:63 - No mode defined for component null
2024-04-13 13:20:26,102 [WARN] ModelIntegratedComponent:63 - No mode defined for component null
2024-04-13 13:20:26,102 [WARN] ModelIntegratedComponent:63 - No mode defined for component null
2024-04-13 13:20:26,102 [WARN] ModelIntegratedComponent:63 - No mode defined for component null
2024-04-13 13:20:26,102 [WARN] ModelIntegratedComponent:63 - No mode defined for component null
2024-04-13 13:20:26,102 [WARN] ModelIntegratedComponent:63 - No mode defined for component null
2024-04-13 13:20:26,102 [WARN] ModelIntegratedComponent:63 - No mode defined for component null
2024-04-13 13:20:26,102 [WARN] ModelIntegratedComponent:63 - No mode defined for component null
2024-04-13 13:20:26,102 [WARN] ModelIntegratedComponent:63 - No mode defined for component null
2024-04-13 13:20:26,102 [WARN] ModelIntegratedComponent:63 - No mode defined for component null
2024-04-13 13:20:26,102 [WARN] ModelIntegratedComponent:63 - No mode defined for component null
2024-04-13 13:20:26,102 [WARN] ModelIntegratedComponent:63 - No mode defined for component null
2024-04-13 13:20:26,102 [WARN] ModelIntegratedComponent:63 - No mode defined for component null
2024-04-13 13:20:26,102 [WARN] ModelIntegratedComponent:63 - No mode defined for component null
2024-04-13 13:20:26,102 [WARN] ModelIntegratedComponent:63 - No mode defined for component null
2024-04-13 13:20:26,102 [WARN] ModelIntegratedComponent:63 - No mode defined for component null
2024-04-13 13:20:26,102 [WARN] ModelIntegratedComponent:63 - No mode defined for component null
2024-04-13 13:20:26,102 [WARN] ModelIntegratedComponent:63 - No mode defined for component null
2024-04-13 13:20:26,102 [WARN] ModelIntegratedComponent:63 - No mode defined for component null
2024-04-13 13:20:26,102 [WARN] ModelIntegratedComponent:63 - No mode defined for component null
2024-04-13 13:20:26,103 [WARN] ModelIntegratedComponent:63 - No mode defined for component null
2024-04-13 13:20:26,103 [WARN] ModelIntegratedComponent:63 - No mode defined for component null
2024-04-13 13:20:26,103 [WARN] ModelIntegratedComponent:63 - No mode defined for component null
2024-04-13 13:20:26,234 [INFO] ThirdPartyModel:298 - Start build external matchings
2024-04-13 13:20:26,738 [INFO] ThirdPartyModel:316 - End build external matchings
2024-04-13 13:20:26,755 [INFO] ImportTextPane:194 - (OptionalMessage_ERROR) IP (DMA) : Parameter (Instance) has Id (TIM1_CH1) currently not set
2024-04-13 13:20:26,755 [INFO] ImportTextPane:194 - (OptionalMessage_ERROR) IP (DMA) : Parameter (Channel) has Id (TIM1_CH1) currently not set
2024-04-13 13:20:26,755 [INFO] ImportTextPane:194 - (OptionalMessage_ERROR) IP (DMA) : Parameter (Direction) has Id (TIM1_CH1) currently not set
2024-04-13 13:20:26,755 [INFO] ImportTextPane:194 - (OptionalMessage_ERROR) IP (DMA) : Parameter (PeriphInc) has Id (TIM1_CH1) currently not set
2024-04-13 13:20:26,755 [INFO] ImportTextPane:194 - (OptionalMessage_ERROR) IP (DMA) : Parameter (MemInc) has Id (TIM1_CH1) currently not set
2024-04-13 13:20:26,756 [INFO] ImportTextPane:194 - (OptionalMessage_ERROR) IP (DMA) : Parameter (PeriphDataAlignment) has Id (TIM1_CH1) currently not set
2024-04-13 13:20:26,756 [INFO] ImportTextPane:194 - (OptionalMessage_ERROR) IP (DMA) : Parameter (MemDataAlignment) has Id (TIM1_CH1) currently not set
2024-04-13 13:20:26,756 [INFO] ImportTextPane:194 - (OptionalMessage_ERROR) IP (DMA) : Parameter (Mode) has Id (TIM1_CH1) currently not set
2024-04-13 13:20:26,756 [INFO] ImportTextPane:194 - (OptionalMessage_ERROR) IP (DMA) : Parameter (Priority) has Id (TIM1_CH1) currently not set
2024-04-13 13:20:26,757 [INFO] ImportTextPane:194 - (OptionalMessage_ERROR) IP (DMA) : Parameter (FIFOMode) has Id (TIM1_CH1) currently not set
2024-04-13 13:20:26,764 [INFO] ImportTextPane:194 - (OptionalMessage_ERROR) IP (RCC) : Invalid parameter (ADC12outputFreq_Value)
2024-04-13 13:20:26,764 [INFO] ImportTextPane:194 - (OptionalMessage_ERROR) IP (RCC) : Invalid parameter (ADC34outputFreq_Value)
2024-04-13 13:20:26,764 [INFO] ImportTextPane:194 - (OptionalMessage_ERROR) IP (RCC) : Invalid parameter (FamilyName)
2024-04-13 13:20:26,764 [INFO] ImportTextPane:194 - (OptionalMessage_ERROR) IP (RCC) : Invalid parameter (I2C1Freq_Value)
2024-04-13 13:20:26,764 [INFO] ImportTextPane:194 - (OptionalMessage_ERROR) IP (RCC) : Invalid parameter (I2C2Freq_Value)
2024-04-13 13:20:26,765 [INFO] ImportTextPane:194 - (OptionalMessage_ERROR) IP (RCC) : Invalid parameter (I2C3Freq_Value)
2024-04-13 13:20:26,765 [INFO] ImportTextPane:194 - (OptionalMessage_ERROR) IP (RCC) : Invalid parameter (MCOFreq_Value)
2024-04-13 13:20:26,765 [INFO] ImportTextPane:194 - (OptionalMessage_ERROR) IP (RCC) : Invalid parameter (PLLMCOFreq_Value)
2024-04-13 13:20:26,765 [INFO] ImportTextPane:194 - (OptionalMessage_ERROR) IP (RCC) : Invalid parameter (PLLMUL)
2024-04-13 13:20:26,765 [INFO] ImportTextPane:194 - (OptionalMessage_ERROR) IP (RCC) : Invalid parameter (PRESCALERUSB)
2024-04-13 13:20:26,766 [INFO] ImportTextPane:194 - (OptionalMessage_ERROR) IP (RCC) : Parameter (RTCHSEDivFreq_Value) has invalid value (4000000)
2024-04-13 13:20:26,766 [INFO] ImportTextPane:194 - (OptionalMessage_ERROR) IP (RCC) : Invalid parameter (SYSCLKSourceVirtual)
2024-04-13 13:20:26,766 [INFO] ImportTextPane:194 - (OptionalMessage_ERROR) IP (RCC) : Invalid parameter (TIM15Freq_Value)
2024-04-13 13:20:26,766 [INFO] ImportTextPane:194 - (OptionalMessage_ERROR) IP (RCC) : Invalid parameter (TIM16Freq_Value)
2024-04-13 13:20:26,766 [INFO] ImportTextPane:194 - (OptionalMessage_ERROR) IP (RCC) : Invalid parameter (TIM17Freq_Value)
2024-04-13 13:20:26,766 [INFO] ImportTextPane:194 - (OptionalMessage_ERROR) IP (RCC) : Invalid parameter (TIM1Freq_Value)
2024-04-13 13:20:26,766 [INFO] ImportTextPane:194 - (OptionalMessage_ERROR) IP (RCC) : Invalid parameter (TIM20Freq_Value)
2024-04-13 13:20:26,766 [INFO] ImportTextPane:194 - (OptionalMessage_ERROR) IP (RCC) : Invalid parameter (TIM2Freq_Value)
2024-04-13 13:20:26,766 [INFO] ImportTextPane:194 - (OptionalMessage_ERROR) IP (RCC) : Invalid parameter (TIM3Freq_Value)
2024-04-13 13:20:26,767 [INFO] ImportTextPane:194 - (OptionalMessage_ERROR) IP (RCC) : Invalid parameter (TIM8Freq_Value)
2024-04-13 13:20:26,767 [INFO] ImportTextPane:194 - (OptionalMessage_ERROR) IP (RCC) : Invalid parameter (UART4Freq_Value)
2024-04-13 13:20:26,767 [INFO] ImportTextPane:194 - (OptionalMessage_ERROR) IP (RCC) : Invalid parameter (UART5Freq_Value)
2024-04-13 13:20:26,767 [INFO] ImportTextPane:194 - (OptionalMessage_ERROR) IP (RCC) : Invalid parameter (USART1Freq_Value)
2024-04-13 13:20:26,767 [INFO] ImportTextPane:194 - (OptionalMessage_ERROR) IP (RCC) : Invalid parameter (USART2Freq_Value)
2024-04-13 13:20:26,767 [INFO] ImportTextPane:194 - (OptionalMessage_ERROR) IP (RCC) : Invalid parameter (USART3Freq_Value)
2024-04-13 13:20:26,767 [INFO] ImportTextPane:194 - (OptionalMessage_ERROR) IP (RCC) : Invalid parameter (USBFreq_Value)
2024-04-13 13:20:26,767 [INFO] ImportTextPane:194 - (OptionalMessage_ERROR) IP (RCC) : Invalid parameter (VCOOutput2Freq_Value)
2024-04-13 13:20:27,376 [INFO] UtilMem:75 - End LoadConfig() Used Memory: 833715088 Bytes (1073741824)
2024-04-13 13:20:27,441 [INFO] MicroXplorer:468 - Change Database Path : 
2024-04-13 13:20:27,442 [INFO] MicroXplorer:498 - Change Database Version : DB.6.0.100
2024-04-13 13:20:27,443 [WARN] ThirdParty:833 - waiting for thirdparty lock release [change project]
2024-04-13 13:20:27,443 [INFO] ThirdParty:835 - entering critical section [change project]
2024-04-13 13:20:27,443 [INFO] ThirdParty:1030 - CMSIS Pack Vendor :STMicroelectronics USBPD 4.1
2024-04-13 13:20:27,443 [INFO] ThirdParty:1030 - CMSIS Pack Vendor :STMicroelectronics X-CUBE-GNSS1 6.0.0
2024-04-13 13:20:27,443 [INFO] ThirdParty:1030 - CMSIS Pack Vendor :STMicroelectronics USB_HOST 2.0.0
2024-04-13 13:20:27,443 [INFO] ThirdParty:1030 - CMSIS Pack Vendor :STMicroelectronics X-CUBE-AZRTOS-F4 1.1.0
2024-04-13 13:20:27,443 [INFO] ThirdParty:1030 - CMSIS Pack Vendor :STMicroelectronics LIBJPEG 8.0.0
2024-04-13 13:20:27,443 [INFO] ThirdParty:1030 - CMSIS Pack Vendor :STMicroelectronics X-CUBE-SMBUS 2.1.0
2024-04-13 13:20:27,443 [INFO] ThirdParty:1030 - CMSIS Pack Vendor :STMicroelectronics USB_DEVICE 3.0.0
2024-04-13 13:20:27,443 [INFO] ThirdParty:1030 - CMSIS Pack Vendor :STMicroelectronics X-CUBE-TCPP 4.1.0
2024-04-13 13:20:27,443 [INFO] ThirdParty:1030 - CMSIS Pack Vendor :STMicroelectronics X-CUBE-AZRTOS-WB 2.0.0
2024-04-13 13:20:27,443 [INFO] ThirdParty:1030 - CMSIS Pack Vendor :wolfSSL I-CUBE-wolfSSL 5.6.6
2024-04-13 13:20:27,443 [INFO] ThirdParty:1030 - CMSIS Pack Vendor :STMicroelectronics X-CUBE-TOUCHGFX 4.23.1
2024-04-13 13:20:27,444 [INFO] ThirdParty:1030 - CMSIS Pack Vendor :STMicroelectronics X-CUBE-TOUCHGFX 4.23.0
2024-04-13 13:20:27,444 [INFO] ThirdParty:1030 - CMSIS Pack Vendor :STMicroelectronics X-CUBE-TOUCHGFX 4.23.2
2024-04-13 13:20:27,444 [INFO] ThirdParty:1030 - CMSIS Pack Vendor :STMicroelectronics X-CUBE-AZRTOS-F7 1.1.0
2024-04-13 13:20:27,444 [INFO] ThirdParty:1030 - CMSIS Pack Vendor :STMicroelectronics X-CUBE-AZRTOS-L5 2.0.0
2024-04-13 13:20:27,444 [INFO] ThirdParty:1030 - CMSIS Pack Vendor :STMicroelectronics USB_DEVICE 2.0.0
2024-04-13 13:20:27,444 [INFO] ThirdParty:1030 - CMSIS Pack Vendor :STMicroelectronics X-CUBE-NFC6 3.1.0
2024-04-13 13:20:27,444 [INFO] ThirdParty:1030 - CMSIS Pack Vendor :ITTIA_DB I-CUBE-ITTIADB 8.8.0
2024-04-13 13:20:27,444 [INFO] ThirdParty:1030 - CMSIS Pack Vendor :STMicroelectronics FP-SNS-MOTENV1 4.3.2
2024-04-13 13:20:27,445 [INFO] ThirdParty:1030 - CMSIS Pack Vendor :STMicroelectronics X-CUBE-ALGOBUILD 1.3.0
2024-04-13 13:20:27,445 [INFO] ThirdParty:1030 - CMSIS Pack Vendor :STMicroelectronics FreeRTOS 0.0.1
2024-04-13 13:20:27,445 [INFO] ThirdParty:1030 - CMSIS Pack Vendor :STMicroelectronics X-CUBE-AZRTOS-G0 1.1.0
2024-04-13 13:20:27,445 [INFO] ThirdParty:1030 - CMSIS Pack Vendor :STMicroelectronics X-CUBE-SAFEA1 1.2.2
2024-04-13 13:20:27,445 [INFO] ThirdParty:1030 - CMSIS Pack Vendor :STMicroelectronics X-CUBE-NFC4 3.0.0
2024-04-13 13:20:27,445 [INFO] ThirdParty:1030 - CMSIS Pack Vendor :STMicroelectronics X-CUBE-SUBG2 5.0.0
2024-04-13 13:20:27,445 [INFO] ThirdParty:1030 - CMSIS Pack Vendor :STMicroelectronics STM32_WPAN 1.0.0
2024-04-13 13:20:27,445 [INFO] ThirdParty:1030 - CMSIS Pack Vendor :STMicroelectronics lwIP 2.0.3
2024-04-13 13:20:27,445 [INFO] ThirdParty:1030 - CMSIS Pack Vendor :STMicroelectronics FP-SNS-FLIGHT1 5.0.2
2024-04-13 13:20:27,445 [INFO] ThirdParty:1030 - CMSIS Pack Vendor :STMicroelectronics USB_HOST 1.0.0
2024-04-13 13:20:27,445 [INFO] ThirdParty:1030 - CMSIS Pack Vendor :STMicroelectronics X-CUBE-AZRTOS-G4 2.0.0
2024-04-13 13:20:27,446 [INFO] ThirdParty:1030 - CMSIS Pack Vendor :STMicroelectronics PDM2PCM 3.1.0
2024-04-13 13:20:27,446 [INFO] ThirdParty:1030 - CMSIS Pack Vendor :Infineon AIROC-Wi-Fi-Bluetooth-STM32 1.5.1
2024-04-13 13:20:27,446 [INFO] ThirdParty:1030 - CMSIS Pack Vendor :STMicroelectronics X-CUBE-BLEMGR 3.0.0
2024-04-13 13:20:27,446 [INFO] ThirdParty:1030 - CMSIS Pack Vendor :STMicroelectronics PDM2PCM 3.3.0
2024-04-13 13:20:27,446 [INFO] ThirdParty:1030 - CMSIS Pack Vendor :STMicroelectronics X-CUBE-DISPLAY 3.0.0
2024-04-13 13:20:27,446 [INFO] ThirdParty:1030 - CMSIS Pack Vendor :STMicroelectronics FP-SNS-MOTENVWB1 1.3.1
2024-04-13 13:20:27,446 [INFO] ThirdParty:1030 - CMSIS Pack Vendor :STMicroelectronics X-CUBE-BLE1 7.0.0
2024-04-13 13:20:27,446 [INFO] ThirdParty:1030 - CMSIS Pack Vendor :STMicroelectronics FP-ATR-SIGFOX1 3.2.0
2024-04-13 13:20:27,446 [INFO] ThirdParty:1030 - CMSIS Pack Vendor :STMicroelectronics X-CUBE-ISPU 2.0.0
2024-04-13 13:20:27,446 [INFO] ThirdParty:1030 - CMSIS Pack Vendor :STMicroelectronics X-CUBE-EEPRMA1 5.1.0
2024-04-13 13:20:27,446 [INFO] ThirdParty:1030 - CMSIS Pack Vendor :STMicroelectronics HAL Drivers 0.0.0
2024-04-13 13:20:27,446 [INFO] ThirdParty:1030 - CMSIS Pack Vendor :STMicroelectronics MBEDTLS 2.16.2
2024-04-13 13:20:27,446 [INFO] ThirdParty:1030 - CMSIS Pack Vendor :emotas I-CUBE-CANOPEN 1.3.0
2024-04-13 13:20:27,446 [INFO] ThirdParty:1030 - CMSIS Pack Vendor :STMicroelectronics X-CUBE-MEMS1 10.0.0
2024-04-13 13:20:27,446 [INFO] ThirdParty:1030 - CMSIS Pack Vendor :STMicroelectronics X-CUBE-FREERTOS 1.1.0
2024-04-13 13:20:27,446 [INFO] ThirdParty:1030 - CMSIS Pack Vendor :STMicroelectronics X-CUBE-NFC7 1.0.1
2024-04-13 13:20:27,446 [INFO] ThirdParty:1030 - CMSIS Pack Vendor :STMicroelectronics MBEDTLS 2.14.1
2024-04-13 13:20:27,447 [INFO] ThirdParty:1030 - CMSIS Pack Vendor :STMicroelectronics X-CUBE-NFC6 3.0.0
2024-04-13 13:20:27,447 [INFO] ThirdParty:1030 - CMSIS Pack Vendor :portGmbH I-Cube-SoM-uGOAL 1.1.0
2024-04-13 13:20:27,447 [INFO] ThirdParty:1030 - CMSIS Pack Vendor :STMicroelectronics X-CUBE-ALS 1.0.1
2024-04-13 13:20:27,447 [INFO] ThirdParty:1030 - CMSIS Pack Vendor :STMicroelectronics X-CUBE-BLEMGR 3.1.0
2024-04-13 13:20:27,447 [INFO] ThirdParty:1030 - CMSIS Pack Vendor :STMicroelectronics ThreadX 1.0.0
2024-04-13 13:20:27,447 [INFO] ThirdParty:1030 - CMSIS Pack Vendor :STMicroelectronics FP-SNS-SMARTAG2 1.2.0
2024-04-13 13:20:27,447 [INFO] ThirdParty:1030 - CMSIS Pack Vendor :STMicroelectronics X-CUBE-AZRTOS-WL 2.0.0
2024-04-13 13:20:27,447 [INFO] ThirdParty:1030 - CMSIS Pack Vendor :SEGGER I-CUBE-embOS 1.3.1
2024-04-13 13:20:27,447 [INFO] ThirdParty:1030 - CMSIS Pack Vendor :STMicroelectronics FP-SNS-MOTENV1 5.0.0
2024-04-13 13:20:27,447 [INFO] ThirdParty:1030 - CMSIS Pack Vendor :STMicroelectronics USB_DEVICE 1.0.0
2024-04-13 13:20:27,447 [INFO] ThirdParty:1030 - CMSIS Pack Vendor :STMicroelectronics X-CUBE-AI 8.1.0
2024-04-13 13:20:27,447 [INFO] ThirdParty:1030 - CMSIS Pack Vendor :STMicroelectronics X-CUBE-AZRTOS-L4 2.0.0
2024-04-13 13:20:27,447 [INFO] ThirdParty:1030 - CMSIS Pack Vendor :STMicroelectronics ThreadX 0.0.2
2024-04-13 13:20:27,447 [INFO] ThirdParty:1030 - CMSIS Pack Vendor :WES I-CUBE-Cesium 1.3.0
2024-04-13 13:20:27,447 [INFO] ThirdParty:1030 - CMSIS Pack Vendor :STMicroelectronics FP-ATR-ASTRA1 2.0.0
2024-04-13 13:20:27,447 [INFO] ThirdParty:1030 - CMSIS Pack Vendor :STMicroelectronics lwIP 2.1.2
2024-04-13 13:20:27,447 [INFO] ThirdParty:1030 - CMSIS Pack Vendor :STMicroelectronics X-CUBE-SFXS2LP1 4.0.0
2024-04-13 13:20:27,447 [INFO] ThirdParty:1030 - CMSIS Pack Vendor :STMicroelectronics X-CUBE-BLE2 3.3.0
2024-04-13 13:20:27,447 [INFO] ThirdParty:1030 - CMSIS Pack Vendor :STMicroelectronics X-CUBE-TOF1 3.4.0
2024-04-13 13:20:27,447 [INFO] ThirdParty:1030 - CMSIS Pack Vendor :STMicroelectronics X-CUBE-TOF1 3.4.1
2024-04-13 13:20:27,447 [INFO] ThirdParty:1030 - CMSIS Pack Vendor :STMicroelectronics X-CUBE-AZRTOS-H7 3.2.0
2024-04-13 13:20:27,447 [INFO] ThirdParty:1030 - CMSIS Pack Vendor :STMicroelectronics PDM2PCM 3.2.0
2024-04-13 13:20:27,448 [INFO] ThirdParty:841 - exiting critical section [change project]
2024-04-13 13:20:27,772 [INFO] PinOutPanel:1499 - setPackage(No Configuration,No Configuration)
2024-04-13 13:20:27,775 [INFO] PinOutPanel:1499 - setPackage(STM32F429ZITx,LQFP144)
2024-04-13 13:20:28,064 [INFO] UtilMem:75 - Before build in PCC Used Memory: 871087432 Bytes (1073741824)
2024-04-13 13:20:28,415 [INFO] UtilMem:75 - After build in PCC Used Memory: 916176200 Bytes (1073741824)
2024-04-13 13:20:28,438 [INFO] IPUIPlugin:80 - create IPUIPlugin
2024-04-13 13:20:28,438 [INFO] IPUIPlugin:80 - create IPUIPlugin
2024-04-13 13:20:28,438 [INFO] IPUIPlugin:80 - create IPUIPlugin
2024-04-13 13:20:28,438 [INFO] IPUIPlugin:80 - create IPUIPlugin
2024-04-13 13:20:28,438 [INFO] IPUIPlugin:80 - create IPUIPlugin
2024-04-13 13:20:28,438 [INFO] IPUIPlugin:80 - create IPUIPlugin
2024-04-13 13:20:28,438 [INFO] IPUIPlugin:80 - create IPUIPlugin
2024-04-13 13:20:28,438 [INFO] IPUIPlugin:80 - create IPUIPlugin
2024-04-13 13:20:28,438 [INFO] IPUIPlugin:80 - create IPUIPlugin
2024-04-13 13:20:28,439 [INFO] IPUIPlugin:80 - create IPUIPlugin
2024-04-13 13:20:28,439 [INFO] IPUIPlugin:80 - create IPUIPlugin
2024-04-13 13:20:28,439 [INFO] IPUIPlugin:80 - create IPUIPlugin
2024-04-13 13:20:28,439 [INFO] IPUIPlugin:80 - create IPUIPlugin
2024-04-13 13:20:28,439 [INFO] IPUIPlugin:80 - create IPUIPlugin
2024-04-13 13:20:28,439 [INFO] IPUIPlugin:80 - create IPUIPlugin
2024-04-13 13:20:28,439 [INFO] IPUIPlugin:80 - create IPUIPlugin
2024-04-13 13:20:28,439 [INFO] IPUIPlugin:80 - create IPUIPlugin
2024-04-13 13:20:28,439 [INFO] IPUIPlugin:80 - create IPUIPlugin
2024-04-13 13:20:28,439 [INFO] IPUIPlugin:80 - create IPUIPlugin
2024-04-13 13:20:28,439 [INFO] IPUIPlugin:80 - create IPUIPlugin
2024-04-13 13:20:28,440 [INFO] IPUIPlugin:80 - create IPUIPlugin
2024-04-13 13:20:28,440 [INFO] IPUIPlugin:80 - create IPUIPlugin
2024-04-13 13:20:28,440 [INFO] IPUIPlugin:80 - create IPUIPlugin
2024-04-13 13:20:28,440 [INFO] IPUIPlugin:80 - create IPUIPlugin
2024-04-13 13:20:28,440 [INFO] IPUIPlugin:80 - create IPUIPlugin
2024-04-13 13:20:28,441 [INFO] IPUIPlugin:80 - create IPUIPlugin
2024-04-13 13:20:28,441 [INFO] IPUIPlugin:80 - create IPUIPlugin
2024-04-13 13:20:28,441 [INFO] IPUIPlugin:80 - create IPUIPlugin
2024-04-13 13:20:28,441 [INFO] IPUIPlugin:80 - create IPUIPlugin
2024-04-13 13:20:28,441 [INFO] IPUIPlugin:80 - create IPUIPlugin
2024-04-13 13:20:28,441 [INFO] IPUIPlugin:80 - create IPUIPlugin
2024-04-13 13:20:28,442 [INFO] IPUIPlugin:80 - create IPUIPlugin
2024-04-13 13:20:28,442 [INFO] IPUIPlugin:80 - create IPUIPlugin
2024-04-13 13:20:28,442 [INFO] IPUIPlugin:80 - create IPUIPlugin
2024-04-13 13:20:28,442 [INFO] IPUIPlugin:80 - create IPUIPlugin
2024-04-13 13:20:28,442 [INFO] IPUIPlugin:80 - create IPUIPlugin
2024-04-13 13:20:28,443 [INFO] IPUIPlugin:80 - create IPUIPlugin
2024-04-13 13:20:28,443 [INFO] IPUIPlugin:80 - create IPUIPlugin
2024-04-13 13:20:28,443 [INFO] IPUIPlugin:80 - create IPUIPlugin
2024-04-13 13:20:28,443 [INFO] IPUIPlugin:80 - create IPUIPlugin
2024-04-13 13:20:28,444 [INFO] IPUIPlugin:80 - create IPUIPlugin
2024-04-13 13:20:28,444 [INFO] IPUIPlugin:80 - create IPUIPlugin
2024-04-13 13:20:28,444 [INFO] IPUIPlugin:80 - create IPUIPlugin
2024-04-13 13:20:28,444 [INFO] IPUIPlugin:80 - create IPUIPlugin
2024-04-13 13:20:28,445 [INFO] IPUIPlugin:80 - create IPUIPlugin
2024-04-13 13:20:28,445 [INFO] IPUIPlugin:80 - create IPUIPlugin
2024-04-13 13:20:28,445 [INFO] IPUIPlugin:80 - create IPUIPlugin
2024-04-13 13:20:28,445 [INFO] IPUIPlugin:80 - create IPUIPlugin
2024-04-13 13:20:28,446 [INFO] IPUIPlugin:80 - create IPUIPlugin
2024-04-13 13:20:28,446 [INFO] IPUIPlugin:80 - create IPUIPlugin
2024-04-13 13:20:28,446 [INFO] IPUIPlugin:80 - create IPUIPlugin
2024-04-13 13:20:28,446 [INFO] IPUIPlugin:80 - create IPUIPlugin
2024-04-13 13:20:28,447 [INFO] IPUIPlugin:80 - create IPUIPlugin
2024-04-13 13:20:28,447 [INFO] IPUIPlugin:80 - create IPUIPlugin
2024-04-13 13:20:28,447 [INFO] IPUIPlugin:80 - create IPUIPlugin
2024-04-13 13:20:28,448 [INFO] IPUIPlugin:80 - create IPUIPlugin
2024-04-13 13:20:28,474 [INFO] IPUIPlugin:80 - create IPUIPlugin
2024-04-13 13:20:28,475 [INFO] IPUIPlugin:80 - create IPUIPlugin
2024-04-13 13:20:28,475 [INFO] IPUIPlugin:80 - create IPUIPlugin
2024-04-13 13:20:28,476 [INFO] IPUIPlugin:80 - create IPUIPlugin
2024-04-13 13:20:28,476 [INFO] IPUIPlugin:80 - create IPUIPlugin
2024-04-13 13:20:28,476 [INFO] IPUIPlugin:80 - create IPUIPlugin
2024-04-13 13:20:28,477 [INFO] IPUIPlugin:80 - create IPUIPlugin
2024-04-13 13:20:28,478 [INFO] IPUIPlugin:80 - create IPUIPlugin
2024-04-13 13:20:28,479 [INFO] IPUIPlugin:80 - create IPUIPlugin
2024-04-13 13:20:28,479 [INFO] IPUIPlugin:80 - create IPUIPlugin
2024-04-13 13:20:28,498 [INFO] ApiDbMcu:508 - Load IP Config File for PDM2PCM
2024-04-13 13:20:28,565 [INFO] CADModel:165 - CPN selected for project levelSTM32F429ZIT6
2024-04-13 13:20:28,565 [INFO] CADModel:114 - Register for checkConnection events
2024-04-13 13:20:28,641 [INFO] OpenFileManager:343 - Restore cursor
2024-04-13 13:24:35,840 [INFO] NvicIntPanel:101 - NVIC parent = com.st.microxplorer.plugins.ip.nvic.MultiNvicIntPanel[,0,0,450x176,layout=javax.swing.BoxLayout,alignmentX=0.0,alignmentY=0.0,border=,flags=9,maximumSize=,minimumSize=,preferredSize=]
