2024-04-18 21:20:00,789 [INFO] Activator:176 - 


2024-04-18 21:20:00,796 [INFO] Activator:177 - !SESSION log4j initialized
2024-04-18 21:20:08,370 [INFO] LogOutputStream:77 - [STDOUT_REDIRECT] 
2024-04-18 21:20:21,181 [INFO] ApplicationProperties:184 - Using Application install path: C:\ST\STM32CubeIDE_1.14.1\STM32CubeIDE\plugins\com.st.stm32cube.common.mx_6.10.0.202311202037
2024-04-18 21:20:21,210 [INFO] DbMcusXml:78 - Set database path to: C:\ST\STM32CubeIDE_1.14.1\STM32CubeIDE\plugins\com.st.stm32cube.common.mx_6.10.0.202311202037\\db\/mcu/
2024-04-18 21:20:21,210 [INFO] ApiDb:274 - Set plugin database path to: C:\ST\STM32CubeIDE_1.14.1\STM32CubeIDE\plugins\com.st.stm32cube.common.mx_6.10.0.202311202037\\db\/plugins/boardmanager/
2024-04-18 21:20:21,211 [WARN] ApiDb:259 - Overriding images path with different value:  => C:\ST\STM32CubeIDE_1.14.1\STM32CubeIDE\plugins\com.st.stm32cube.common.mx_6.10.0.202311202037\\db\/plugins/mcufinder/images/
2024-04-18 21:20:21,224 [INFO] ApiDb:250 - Set database path to: C:\Users\Sandbox\.stmcufinder\plugins\mcufinder//mcu/
2024-04-18 21:20:21,226 [INFO] DbMcusAds:125 - Set database path to: C:\Users\Sandbox\.stmcufinder\plugins\mcufinder//mcu/
2024-04-18 21:20:21,233 [INFO] CrossReferenceDbSqlite:203 - Set database path to: C:\Users\Sandbox\.stmcufinder\plugins\mcufinder//mcu/cs/
2024-04-18 21:20:21,396 [INFO] RulesReader:64 - Compatibility file has been processed (297 Rules)
2024-04-18 21:20:21,534 [INFO] DbMcusXml:78 - Set database path to: C:\ST\STM32CubeIDE_1.14.1\STM32CubeIDE\plugins\com.st.stm32cube.common.mx_6.10.0.202311202037\\db\/mcu/
2024-04-18 21:20:21,534 [INFO] ApiDb:274 - Set plugin database path to: C:\ST\STM32CubeIDE_1.14.1\STM32CubeIDE\plugins\com.st.stm32cube.common.mx_6.10.0.202311202037\\db\/plugins/boardmanager/
2024-04-18 21:20:21,534 [INFO] ApiDb:261 - Set plugin images path to: C:\ST\STM32CubeIDE_1.14.1\STM32CubeIDE\plugins\com.st.stm32cube.common.mx_6.10.0.202311202037\\db\/plugins/mcufinder/images/
2024-04-18 21:20:21,534 [WARN] DbFile:41 - Overriding database path with different value: C:\Users\Sandbox\.stmcufinder\plugins\mcufinder/ => C:\Users\Sandbox\.stmcufinder\plugins\mcufinder
2024-04-18 21:20:21,534 [INFO] ApiDb:250 - Set database path to: C:\Users\Sandbox\.stmcufinder\plugins\mcufinder//mcu/
2024-04-18 21:20:21,535 [WARN] DbFile:41 - Overriding database path with different value: C:\Users\Sandbox\.stmcufinder\plugins\mcufinder/ => C:\Users\Sandbox\.stmcufinder\plugins\mcufinder
2024-04-18 21:20:21,535 [INFO] DbMcusAds:125 - Set database path to: C:\Users\Sandbox\.stmcufinder\plugins\mcufinder//mcu/
2024-04-18 21:20:21,535 [WARN] DbFile:41 - Overriding database path with different value: C:\Users\Sandbox\.stmcufinder\plugins\mcufinder/ => C:\Users\Sandbox\.stmcufinder\plugins\mcufinder
2024-04-18 21:20:21,535 [WARN] DbFile:41 - Overriding database path with different value: C:\Users\Sandbox\.stmcufinder\plugins\mcufinder/ => C:\Users\Sandbox\.stmcufinder\plugins\mcufinder
2024-04-18 21:20:21,535 [INFO] CrossReferenceDbSqlite:203 - Set database path to: C:\Users\Sandbox\.stmcufinder\plugins\mcufinder//mcu/cs/
2024-04-18 21:20:21,657 [INFO] MainPanel:264 - HeapMemory: 268435456
2024-04-18 21:20:21,798 [INFO] DbMcusXml:78 - Set database path to: C:\ST\STM32CubeIDE_1.14.1\STM32CubeIDE\plugins\com.st.stm32cube.common.mx_6.10.0.202311202037\\db\/mcu/
2024-04-18 21:20:21,798 [INFO] ApiDb:274 - Set plugin database path to: C:\ST\STM32CubeIDE_1.14.1\STM32CubeIDE\plugins\com.st.stm32cube.common.mx_6.10.0.202311202037\\db\/plugins/boardmanager/
2024-04-18 21:20:21,798 [INFO] ApiDb:261 - Set plugin images path to: C:\ST\STM32CubeIDE_1.14.1\STM32CubeIDE\plugins\com.st.stm32cube.common.mx_6.10.0.202311202037\\db\/plugins/mcufinder/images/
2024-04-18 21:20:21,798 [WARN] DbFile:41 - Overriding database path with different value: C:\Users\Sandbox\.stmcufinder\plugins\mcufinder/ => C:\Users\Sandbox\.stmcufinder\plugins\mcufinder
2024-04-18 21:20:21,798 [INFO] ApiDb:250 - Set database path to: C:\Users\Sandbox\.stmcufinder\plugins\mcufinder//mcu/
2024-04-18 21:20:21,799 [WARN] DbFile:41 - Overriding database path with different value: C:\Users\Sandbox\.stmcufinder\plugins\mcufinder/ => C:\Users\Sandbox\.stmcufinder\plugins\mcufinder
2024-04-18 21:20:21,799 [INFO] DbMcusAds:125 - Set database path to: C:\Users\Sandbox\.stmcufinder\plugins\mcufinder//mcu/
2024-04-18 21:20:21,799 [WARN] DbFile:41 - Overriding database path with different value: C:\Users\Sandbox\.stmcufinder\plugins\mcufinder/ => C:\Users\Sandbox\.stmcufinder\plugins\mcufinder
2024-04-18 21:20:21,799 [WARN] DbFile:41 - Overriding database path with different value: C:\Users\Sandbox\.stmcufinder\plugins\mcufinder/ => C:\Users\Sandbox\.stmcufinder\plugins\mcufinder
2024-04-18 21:20:21,799 [INFO] CrossReferenceDbSqlite:203 - Set database path to: C:\Users\Sandbox\.stmcufinder\plugins\mcufinder//mcu/cs/
2024-04-18 21:20:21,823 [INFO] ApplicationProperties:184 - Using Application install path: C:\ST\STM32CubeIDE_1.14.1\STM32CubeIDE\plugins\com.st.stm32cube.common.mx_6.10.0.202311202037
2024-04-18 21:20:21,826 [INFO] PluginManage:196 - Search for loadable plugins [exclusion list=, ]
2024-04-18 21:20:21,828 [INFO] PluginManage:310 - Check plugin analytics
2024-04-18 21:20:31,150 [INFO] AnalyticsPlugin:253 - Accepted Software Licenses: 
2024-04-18 21:20:31,151 [INFO] AnalyticsPlugin:255 - Accepted CMSIS Pack Licenses: 
2024-04-18 21:20:31,151 [INFO] AnalyticsPlugin:257 - Accepted Firmware Licenses: FW.F4.1.28.0
2024-04-18 21:20:31,151 [INFO] PluginManage:359 - Loaded plugin analytics (category:tool,tabindex:-1)
2024-04-18 21:20:31,152 [INFO] PluginManage:310 - Check plugin cadmodel
2024-04-18 21:20:31,279 [INFO] CADModel:105 - Init CAD model plugin
2024-04-18 21:20:31,280 [INFO] PluginManage:359 - Loaded plugin cadmodel (category:power,tabindex:5)
2024-04-18 21:20:31,280 [INFO] PluginManage:310 - Check plugin clock
2024-04-18 21:20:31,335 [INFO] PluginManage:359 - Loaded plugin clock (category:base,tabindex:2)
2024-04-18 21:20:31,335 [INFO] PluginManage:310 - Check plugin ddr
2024-04-18 21:20:31,339 [INFO] PluginManage:359 - Loaded plugin ddr (category:tool,tabindex:6)
2024-04-18 21:20:31,339 [INFO] PluginManage:310 - Check plugin filemanager
2024-04-18 21:20:31,854 [INFO] PluginManage:359 - Loaded plugin filemanager (category:base,tabindex:10)
2024-04-18 21:20:31,855 [INFO] PluginManage:310 - Check plugin ipmanager
2024-04-18 21:20:31,867 [INFO] PluginManage:359 - Loaded plugin ipmanager (category:base,tabindex:5)
2024-04-18 21:20:31,867 [INFO] PluginManage:310 - Check plugin lpbam
2024-04-18 21:20:31,976 [INFO] PluginManage:359 - Loaded plugin lpbam (category:base,tabindex:0)
2024-04-18 21:20:31,976 [INFO] PluginManage:310 - Check plugin memorymap
2024-04-18 21:20:32,039 [INFO] PluginManage:359 - Loaded plugin memorymap (category:base,tabindex:4)
2024-04-18 21:20:32,039 [INFO] PluginManage:310 - Check plugin pinoutandconfiguration
2024-04-18 21:20:32,137 [INFO] PluginManage:359 - Loaded plugin pinoutandconfiguration (category:base,tabindex:1)
2024-04-18 21:20:32,137 [INFO] PluginManage:310 - Check plugin pinoutconfig
2024-04-18 21:20:32,366 [WARN] SupportedApi:132 - Cannot load RTOS API schema: s4s-elt-must-match.1: The content of 'definitions' must match (annotation?, (simpleType | complexType)?, (unique | key | keyref)*)). A problem was found starting at: attribute.
2024-04-18 21:20:32,664 [INFO] PluginManage:359 - Loaded plugin pinoutconfig (category:base,tabindex:0)
2024-04-18 21:20:32,664 [INFO] PluginManage:310 - Check plugin power
2024-04-18 21:20:32,737 [INFO] PluginManage:359 - Loaded plugin power (category:power,tabindex:4)
2024-04-18 21:20:32,737 [INFO] PluginManage:310 - Check plugin projectmanager
2024-04-18 21:20:32,780 [INFO] PluginManage:359 - Loaded plugin projectmanager (category:projectmanager,tabindex:3)
2024-04-18 21:20:32,780 [INFO] PluginManage:310 - Check plugin thirdparty
2024-04-18 21:20:33,629 [INFO] PluginManage:359 - Loaded plugin thirdparty (category:base,tabindex:-1)
2024-04-18 21:20:33,629 [WARN] IntegrityCheckThread:84 - waiting for thirdparty lock release [integrity check]
2024-04-18 21:20:33,629 [INFO] PluginManage:310 - Check plugin tools
2024-04-18 21:20:33,629 [INFO] IntegrityCheckThread:86 - entering critical section [integrity check]
2024-04-18 21:20:33,630 [INFO] ThirdPartyUpdaterWithRetryManager:70 - Updater plugin not ready yet. [1/15]
2024-04-18 21:20:33,680 [INFO] PluginManage:359 - Loaded plugin tools (category:base,tabindex:7)
2024-04-18 21:20:33,680 [INFO] PluginManage:310 - Check plugin tutovideos
2024-04-18 21:20:33,989 [INFO] PluginManage:359 - Loaded plugin tutovideos (category:base,tabindex:-1)
2024-04-18 21:20:33,989 [INFO] PluginManage:310 - Check plugin updater
2024-04-18 21:20:34,005 [INFO] PluginManage:359 - Loaded plugin updater (category:base,tabindex:12)
2024-04-18 21:20:34,006 [INFO] PluginManage:310 - Check plugin userauth
2024-04-18 21:20:34,015 [INFO] UserAuth:114 - Init User Auth plugin
2024-04-18 21:20:34,015 [INFO] PluginManage:359 - Loaded plugin userauth (category:base,tabindex:14)
2024-04-18 21:20:34,016 [INFO] PluginManage:283 - PluginManage : Loaded plugins [17]
2024-04-18 21:20:34,375 [INFO] PinOutPanel:1499 - setPackage(No Configuration,No Configuration)
2024-04-18 21:20:34,480 [INFO] CADModel:165 - CPN selected for project level
2024-04-18 21:20:34,481 [INFO] CADModel:114 - Register for checkConnection events
2024-04-18 21:20:34,517 [INFO] IPUIPlugin:80 - create IPUIPlugin
2024-04-18 21:20:34,518 [INFO] PluginManager:220 - loadIPPluginJar : add adc
2024-04-18 21:20:34,562 [INFO] IPUIPlugin:80 - create IPUIPlugin
2024-04-18 21:20:34,563 [INFO] PluginManager:220 - loadIPPluginJar : add aes
2024-04-18 21:20:34,613 [INFO] IPUIPlugin:80 - create IPUIPlugin
2024-04-18 21:20:34,614 [INFO] PluginManager:220 - loadIPPluginJar : add can
2024-04-18 21:20:34,644 [INFO] IPUIPlugin:80 - create IPUIPlugin
2024-04-18 21:20:34,644 [INFO] PluginManager:220 - loadIPPluginJar : add comp
2024-04-18 21:20:34,690 [INFO] IPUIPlugin:80 - create IPUIPlugin
2024-04-18 21:20:34,690 [INFO] PluginManager:220 - loadIPPluginJar : add cryp
2024-04-18 21:20:34,732 [INFO] IPUIPlugin:80 - create IPUIPlugin
2024-04-18 21:20:34,733 [INFO] PluginManager:220 - loadIPPluginJar : add dfsdm
2024-04-18 21:20:34,753 [INFO] IPUIPlugin:80 - create IPUIPlugin
2024-04-18 21:20:34,754 [INFO] PluginManager:220 - loadIPPluginJar : add dma
2024-04-18 21:20:34,812 [INFO] IPUIPlugin:80 - create IPUIPlugin
2024-04-18 21:20:34,812 [INFO] PluginManager:220 - loadIPPluginJar : add dma3
2024-04-18 21:20:34,843 [INFO] IPUIPlugin:80 - create IPUIPlugin
2024-04-18 21:20:34,843 [INFO] PluginManager:220 - loadIPPluginJar : add fatfs
2024-04-18 21:20:34,907 [INFO] IPUIPlugin:80 - create IPUIPlugin
2024-04-18 21:20:34,907 [INFO] PluginManager:220 - loadIPPluginJar : add fmc
2024-04-18 21:20:34,925 [INFO] IPUIPlugin:80 - create IPUIPlugin
2024-04-18 21:20:34,926 [INFO] PluginManager:220 - loadIPPluginJar : add freertos
2024-04-18 21:20:34,958 [INFO] IPUIPlugin:80 - create IPUIPlugin
2024-04-18 21:20:34,958 [INFO] PluginManager:220 - loadIPPluginJar : add genericplugin
2024-04-18 21:20:35,094 [INFO] IPUIPlugin:80 - create IPUIPlugin
2024-04-18 21:20:35,094 [INFO] PluginManager:220 - loadIPPluginJar : add gfxmmu
2024-04-18 21:20:35,287 [INFO] IPUIPlugin:80 - create IPUIPlugin
2024-04-18 21:20:35,287 [INFO] PluginManager:220 - loadIPPluginJar : add gic
2024-04-18 21:20:35,304 [INFO] IPUIPlugin:80 - create IPUIPlugin
2024-04-18 21:20:35,304 [INFO] PluginManager:220 - loadIPPluginJar : add gpio
2024-04-18 21:20:35,427 [INFO] IPUIPlugin:80 - create IPUIPlugin
2024-04-18 21:20:35,428 [INFO] PluginManager:220 - loadIPPluginJar : add gtzc
2024-04-18 21:20:35,478 [INFO] IPUIPlugin:80 - create IPUIPlugin
2024-04-18 21:20:35,479 [INFO] PluginManager:220 - loadIPPluginJar : add hash
2024-04-18 21:20:35,545 [INFO] IPUIPlugin:80 - create IPUIPlugin
2024-04-18 21:20:35,546 [INFO] PluginManager:220 - loadIPPluginJar : add i2c
2024-04-18 21:20:35,608 [INFO] IPUIPlugin:80 - create IPUIPlugin
2024-04-18 21:20:35,608 [INFO] PluginManager:220 - loadIPPluginJar : add i2s
2024-04-18 21:20:35,669 [INFO] IPUIPlugin:80 - create IPUIPlugin
2024-04-18 21:20:35,669 [INFO] PluginManager:220 - loadIPPluginJar : add i3c
2024-04-18 21:20:35,803 [INFO] IPUIPlugin:80 - create IPUIPlugin
2024-04-18 21:20:35,804 [INFO] PluginManager:220 - loadIPPluginJar : add ipddr
2024-04-18 21:20:35,923 [INFO] IPUIPlugin:80 - create IPUIPlugin
2024-04-18 21:20:35,924 [INFO] PluginManager:220 - loadIPPluginJar : add linkedlist
2024-04-18 21:20:35,976 [INFO] IPUIPlugin:80 - create IPUIPlugin
2024-04-18 21:20:35,976 [INFO] PluginManager:220 - loadIPPluginJar : add lorawan
2024-04-18 21:20:36,028 [INFO] IPUIPlugin:80 - create IPUIPlugin
2024-04-18 21:20:36,028 [INFO] PluginManager:220 - loadIPPluginJar : add ltdc
2024-04-18 21:20:36,044 [INFO] IPUIPlugin:80 - create IPUIPlugin
2024-04-18 21:20:36,044 [INFO] PluginManager:220 - loadIPPluginJar : add mdma
2024-04-18 21:20:36,059 [INFO] IPUIPlugin:80 - create IPUIPlugin
2024-04-18 21:20:36,059 [INFO] PluginManager:220 - loadIPPluginJar : add nvic
2024-04-18 21:20:36,109 [INFO] IPUIPlugin:80 - create IPUIPlugin
2024-04-18 21:20:36,109 [INFO] PluginManager:220 - loadIPPluginJar : add opamp
2024-04-18 21:20:36,250 [INFO] IPUIPlugin:80 - create IPUIPlugin
2024-04-18 21:20:36,250 [INFO] PluginManager:220 - loadIPPluginJar : add openamp
2024-04-18 21:20:36,530 [INFO] IPUIPlugin:80 - create IPUIPlugin
2024-04-18 21:20:36,530 [INFO] PluginManager:220 - loadIPPluginJar : add pdm2pcm
2024-04-18 21:20:36,549 [INFO] IPUIPlugin:80 - create IPUIPlugin
2024-04-18 21:20:36,552 [INFO] PluginManager:220 - loadIPPluginJar : add plateformsettings
2024-04-18 21:20:36,599 [INFO] IPUIPlugin:80 - create IPUIPlugin
2024-04-18 21:20:36,599 [INFO] PluginManager:220 - loadIPPluginJar : add quadspi
2024-04-18 21:20:36,615 [INFO] IPUIPlugin:80 - create IPUIPlugin
2024-04-18 21:20:36,615 [INFO] PluginManager:220 - loadIPPluginJar : add resmgrutility
2024-04-18 21:20:36,634 [INFO] ThirdPartyUpdaterWithRetryManager:70 - Updater plugin not ready yet. [2/15]
2024-04-18 21:20:36,682 [INFO] IPUIPlugin:80 - create IPUIPlugin
2024-04-18 21:20:36,683 [INFO] PluginManager:220 - loadIPPluginJar : add sai
2024-04-18 21:20:36,754 [INFO] IPUIPlugin:80 - create IPUIPlugin
2024-04-18 21:20:36,755 [INFO] PluginManager:220 - loadIPPluginJar : add spi
2024-04-18 21:20:36,907 [INFO] IPUIPlugin:80 - create IPUIPlugin
2024-04-18 21:20:36,907 [INFO] PluginManager:220 - loadIPPluginJar : add stm32_wpan
2024-04-18 21:20:36,955 [INFO] IPUIPlugin:80 - create IPUIPlugin
2024-04-18 21:20:36,955 [INFO] PluginManager:220 - loadIPPluginJar : add tim
2024-04-18 21:20:37,034 [INFO] IPUIPlugin:80 - create IPUIPlugin
2024-04-18 21:20:37,034 [INFO] PluginManager:220 - loadIPPluginJar : add touchsensing
2024-04-18 21:20:37,087 [INFO] IPUIPlugin:80 - create IPUIPlugin
2024-04-18 21:20:37,087 [INFO] PluginManager:220 - loadIPPluginJar : add tracer_emb
2024-04-18 21:20:37,141 [INFO] IPUIPlugin:80 - create IPUIPlugin
2024-04-18 21:20:37,141 [INFO] PluginManager:220 - loadIPPluginJar : add ts
2024-04-18 21:20:37,260 [INFO] IPUIPlugin:80 - create IPUIPlugin
2024-04-18 21:20:37,261 [INFO] PluginManager:220 - loadIPPluginJar : add tsc
2024-04-18 21:20:37,289 [INFO] IPUIPlugin:80 - create IPUIPlugin
2024-04-18 21:20:37,290 [INFO] PluginManager:220 - loadIPPluginJar : add ucpd
2024-04-18 21:20:37,347 [INFO] IPUIPlugin:80 - create IPUIPlugin
2024-04-18 21:20:37,347 [INFO] PluginManager:220 - loadIPPluginJar : add usart
2024-04-18 21:20:37,410 [INFO] IPUIPlugin:80 - create IPUIPlugin
2024-04-18 21:20:37,410 [INFO] PluginManager:220 - loadIPPluginJar : add usbx
2024-04-18 21:20:37,606 [INFO] CADModel:165 - CPN selected for project level
2024-04-18 21:20:37,606 [INFO] CADModel:114 - Register for checkConnection events
2024-04-18 21:20:37,606 [FATAL] Updater:308 - Updater called before beeing initialized
2024-04-18 21:20:37,607 [ERROR] CADModel:125 - Updater not yet initialized, retry later 
2024-04-18 21:20:37,842 [INFO] CADModel:165 - CPN selected for project level
2024-04-18 21:20:37,843 [INFO] CADModel:114 - Register for checkConnection events
2024-04-18 21:20:37,843 [FATAL] Updater:308 - Updater called before beeing initialized
2024-04-18 21:20:37,843 [ERROR] CADModel:125 - Updater not yet initialized, retry later 
2024-04-18 21:20:37,850 [FATAL] Updater:308 - Updater called before beeing initialized
2024-04-18 21:20:38,117 [FATAL] Updater:308 - Updater called before beeing initialized
2024-04-18 21:20:38,132 [INFO] DbMcusAds:53 - JSON generation date=Wed Nov 29 07:52:27 UYT 2023 (1701255147349)
2024-04-18 21:20:38,133 [FATAL] Updater:308 - Updater called before beeing initialized
2024-04-18 21:20:38,236 [WARN] DetailPanel:346 - Failed to get advertising image, set to default
2024-04-18 21:20:38,362 [FATAL] Updater:308 - Updater called before beeing initialized
2024-04-18 21:20:38,365 [FATAL] Updater:308 - Updater called before beeing initialized
2024-04-18 21:20:38,365 [FATAL] Updater:308 - Updater called before beeing initialized
2024-04-18 21:20:38,365 [WARN] DetailPanel:346 - Failed to get advertising image, set to default
2024-04-18 21:20:38,366 [FATAL] Updater:308 - Updater called before beeing initialized
2024-04-18 21:20:38,447 [ERROR] Updater:1120 - MainUpdater not yet initialized. External WinMGr cannot be set.
2024-04-18 21:20:38,461 [INFO] Updater:1056 - Updater Version found : 6.10.0
2024-04-18 21:20:38,481 [INFO] ApplicationProperties:184 - Using Application install path: C:\ST\STM32CubeIDE_1.14.1\STM32CubeIDE\plugins\com.st.stm32cube.common.mx_6.10.0.202311202037
2024-04-18 21:20:39,637 [INFO] ThirdPartyUpdaterWithRetryManager:70 - Updater plugin not ready yet. [3/15]
2024-04-18 21:20:40,070 [ERROR] LogOutputStream:75 - [STDERR_REDIRECT] Apr 18, 2024 9:20:40 PM java.util.prefs.WindowsPreferences <init>
2024-04-18 21:20:40,075 [ERROR] LogOutputStream:75 - [STDERR_REDIRECT] WARNING: Could not open/create prefs root node Software\JavaSoft\Prefs at root 0xffffffff80000002. Windows RegCreateKeyEx(...) returned error code 5.
2024-04-18 21:20:40,075 [ERROR] LogOutputStream:75 - [STDERR_REDIRECT] 
2024-04-18 21:20:40,633 [INFO] MainUpdater:2873 - connection check result : 10
2024-04-18 21:20:40,634 [INFO] MainUpdater:3567 - Updater definition file requires update
2024-04-18 21:20:40,635 [INFO] MainUpdater:290 - Updater Check For Update Now.
2024-04-18 21:20:40,635 [INFO] MicroXplorer:498 - Change Database Version : DB.6.0.100
2024-04-18 21:20:40,664 [INFO] McuFinderGlobals:63 - Set McuFinder mode to 2 (CubeIDE integrated)
2024-04-18 21:20:41,330 [INFO] UserAuth:404 - Internet connection configuration mode: 1
2024-04-18 21:20:41,373 [INFO] JxBrowserEngine:152 - Initiate JxBrowser Engine with user profile folder
2024-04-18 21:20:42,638 [WARN] MainUpdater:1194 - Updater busy. Cannot search thirdparties
2024-04-18 21:20:42,638 [INFO] ThirdPartyUpdaterWithRetryManager:96 - Updater plugin is busy. [1/15]
2024-04-18 21:20:43,075 [INFO] ServerAccessManage:473 - Download File updaters.zip
2024-04-18 21:20:43,214 [INFO] FileExtend:240 - Unzip File : updaters.zip
2024-04-18 21:20:43,215 [INFO] FileExtend:255 - Standard Zip Deflate
2024-04-18 21:20:45,307 [INFO] ServerAccessManage:473 - Download File PacksControlFlags.xml
2024-04-18 21:20:45,668 [WARN] MainUpdater:1194 - Updater busy. Cannot search thirdparties
2024-04-18 21:20:45,668 [INFO] ThirdPartyUpdaterWithRetryManager:96 - Updater plugin is busy. [2/15]
2024-04-18 21:20:45,953 [INFO] WebApp:161 - Instantiating new browser for Auth
2024-04-18 21:20:46,821 [INFO] ServerAccessManage:473 - Download File cubemx.pidx
2024-04-18 21:20:46,889 [INFO] WebApp:780 - Register for checkConnection events
2024-04-18 21:20:46,889 [INFO] WebApp:414 - Apply proxy settings
2024-04-18 21:20:46,889 [INFO] WebApp:499 - Chromium requires no authentication
2024-04-18 21:20:46,910 [INFO] WebApp:442 - Direct internet connection detected
2024-04-18 21:20:47,457 [INFO] WebApp:192 - Starting web application
2024-04-18 21:20:47,458 [INFO] WebApp:544 - Web application path used C:\ST\STM32CubeIDE_1.14.1\STM32CubeIDE\plugins\com.st.stm32cube.common.mx_6.10.0.202311202037\db\plugins\mcufinder\reactClient1\index.html
2024-04-18 21:20:48,668 [WARN] MainUpdater:1194 - Updater busy. Cannot search thirdparties
2024-04-18 21:20:48,668 [INFO] ThirdPartyUpdaterWithRetryManager:96 - Updater plugin is busy. [3/15]
2024-04-18 21:20:48,927 [INFO] ServerAccessManage:473 - Download File STMicroelectronics.FP-SNS-MOTENVWB1.pdsc
2024-04-18 21:20:51,669 [WARN] MainUpdater:1194 - Updater busy. Cannot search thirdparties
2024-04-18 21:20:51,669 [INFO] ThirdPartyUpdaterWithRetryManager:96 - Updater plugin is busy. [4/15]
2024-04-18 21:20:53,920 [INFO] ServerAccessManage:473 - Download File STMicroelectronics.X-CUBE-AI.pdsc
2024-04-18 21:20:54,671 [WARN] MainUpdater:1194 - Updater busy. Cannot search thirdparties
2024-04-18 21:20:54,672 [INFO] ThirdPartyUpdaterWithRetryManager:96 - Updater plugin is busy. [5/15]
2024-04-18 21:20:57,673 [WARN] MainUpdater:1194 - Updater busy. Cannot search thirdparties
2024-04-18 21:20:57,673 [INFO] ThirdPartyUpdaterWithRetryManager:96 - Updater plugin is busy. [6/15]
2024-04-18 21:21:00,674 [WARN] MainUpdater:1194 - Updater busy. Cannot search thirdparties
2024-04-18 21:21:00,674 [INFO] ThirdPartyUpdaterWithRetryManager:96 - Updater plugin is busy. [7/15]
2024-04-18 21:21:03,677 [WARN] MainUpdater:1194 - Updater busy. Cannot search thirdparties
2024-04-18 21:21:03,677 [INFO] ThirdPartyUpdaterWithRetryManager:96 - Updater plugin is busy. [8/15]
2024-04-18 21:21:06,678 [WARN] MainUpdater:1194 - Updater busy. Cannot search thirdparties
2024-04-18 21:21:06,678 [INFO] ThirdPartyUpdaterWithRetryManager:96 - Updater plugin is busy. [9/15]
2024-04-18 21:21:09,974 [WARN] MainUpdater:1194 - Updater busy. Cannot search thirdparties
2024-04-18 21:21:09,974 [INFO] ThirdPartyUpdaterWithRetryManager:96 - Updater plugin is busy. [10/15]
2024-04-18 21:21:10,039 [ERROR] LogOutputStream:75 - [STDERR_REDIRECT] SLF4J: Failed to load class "org.slf4j.impl.StaticLoggerBinder".
2024-04-18 21:21:10,040 [ERROR] LogOutputStream:75 - [STDERR_REDIRECT] SLF4J: Defaulting to no-operation (NOP) logger implementation
2024-04-18 21:21:10,042 [ERROR] LogOutputStream:75 - [STDERR_REDIRECT] SLF4J: See http://www.slf4j.org/codes.html#StaticLoggerBinder for further details.
2024-04-18 21:21:12,975 [WARN] MainUpdater:1194 - Updater busy. Cannot search thirdparties
2024-04-18 21:21:12,975 [INFO] ThirdPartyUpdaterWithRetryManager:96 - Updater plugin is busy. [11/15]
2024-04-18 21:21:14,911 [INFO] ServerAccessManage:473 - Download File STMicroelectronics.X-CUBE-AZRTOS-H7RS.pdsc
2024-04-18 21:21:15,599 [WARN] PackLoader:240 - Cannot read IP mode file for STMicroelectronics.FP-SNS-MOTENVWB1.1.4.0
2024-04-18 21:21:15,608 [WARN] PackLoader:240 - Cannot read IP mode file for STMicroelectronics.X-CUBE-AI.9.0.0
2024-04-18 21:21:15,667 [WARN] PackLoader:240 - Cannot read IP mode file for STMicroelectronics.X-CUBE-AZRTOS-H7RS.1.0.0
2024-04-18 21:21:15,685 [INFO] PopulateThirdPartyThread:66 - Ending populate Thread
2024-04-18 21:21:15,686 [INFO] ThirdParty:1030 - CMSIS Pack Vendor :STMicroelectronics FP-SNS-MOTENVWB1 1.4.0
2024-04-18 21:21:15,686 [INFO] ThirdParty:1030 - CMSIS Pack Vendor :STMicroelectronics X-CUBE-AI 9.0.0
2024-04-18 21:21:15,686 [INFO] ThirdParty:1030 - CMSIS Pack Vendor :STMicroelectronics X-CUBE-AZRTOS-H7RS 1.0.0
2024-04-18 21:21:15,686 [INFO] LoadServerUpdatesThread:375 - End of LoadServerUpdate Thread
2024-04-18 21:21:15,880 [INFO] CheckServerUpdateThread:120 - End of CheckServer Thread
2024-04-18 21:21:16,235 [WARN] PackLoader:240 - Cannot read IP mode file for STMicroelectronics.FP-SNS-MOTENVWB1.1.4.0
2024-04-18 21:21:16,252 [WARN] PackLoader:240 - Cannot read IP mode file for STMicroelectronics.X-CUBE-SMBUS.2.1.0
2024-04-18 21:21:16,266 [WARN] PackLoader:240 - Cannot read IP mode file for STMicroelectronics.X-CUBE-TOUCHGFX.4.23.1
2024-04-18 21:21:16,280 [WARN] PackLoader:240 - Cannot read IP mode file for STMicroelectronics.X-CUBE-TOUCHGFX.4.23.0
2024-04-18 21:21:16,294 [WARN] PackLoader:240 - Cannot read IP mode file for STMicroelectronics.X-CUBE-TOUCHGFX.4.23.2
2024-04-18 21:21:16,344 [WARN] PackLoader:240 - Cannot read IP mode file for STMicroelectronics.X-CUBE-AZRTOS-F7.1.1.0
2024-04-18 21:21:16,383 [WARN] PackLoader:240 - Cannot read IP mode file for STMicroelectronics.FP-SNS-MOTENV1.4.3.2
2024-04-18 21:21:16,392 [WARN] PackLoader:240 - Cannot read IP mode file for STMicroelectronics.FP-SNS-FLIGHT1.5.0.2
2024-04-18 21:21:16,421 [WARN] PackLoader:240 - Cannot read IP mode file for STMicroelectronics.X-CUBE-DISPLAY.3.0.0
2024-04-18 21:21:16,459 [WARN] PackLoader:240 - Cannot read IP mode file for STMicroelectronics.X-CUBE-BLE1.7.0.0
2024-04-18 21:21:16,481 [WARN] PackLoader:240 - Cannot read IP mode file for emotas.I-CUBE-CANOPEN.1.3.0
2024-04-18 21:21:16,523 [WARN] PackLoader:240 - Cannot read IP mode file for STMicroelectronics.X-CUBE-BLEMGR.3.1.0
2024-04-18 21:21:16,554 [WARN] PackLoader:240 - Cannot read IP mode file for STMicroelectronics.FP-SNS-SMARTAG2.1.2.0
2024-04-18 21:21:16,577 [INFO] LogOutputStream:77 - [STDOUT_REDIRECT] 1 : Invalid condition id : UX_CORESTACK_Condition cause : null
2024-04-18 21:21:16,578 [INFO] LogOutputStream:77 - [STDOUT_REDIRECT] 1 : Invalid condition id : UX_CORESTACK_Condition cause : null
2024-04-18 21:21:16,579 [INFO] LogOutputStream:77 - [STDOUT_REDIRECT] 1 : Invalid condition id : UX_CORESTACK_Condition cause : null
2024-04-18 21:21:16,580 [INFO] LogOutputStream:77 - [STDOUT_REDIRECT] 1 : Invalid condition id : UX_CORESTACK_Condition cause : null
2024-04-18 21:21:16,582 [INFO] LogOutputStream:77 - [STDOUT_REDIRECT] 1 : Invalid condition id : UX_CORESTACK_Condition cause : null
2024-04-18 21:21:16,586 [WARN] PackLoader:240 - Cannot read IP mode file for STMicroelectronics.X-CUBE-AZRTOS-WL.2.0.0
2024-04-18 21:21:16,604 [WARN] PackLoader:240 - Cannot read IP mode file for STMicroelectronics.FP-SNS-MOTENV1.5.0.0
2024-04-18 21:21:16,622 [WARN] PackLoader:240 - Cannot read IP mode file for WES.I-CUBE-Cesium.1.3.0
2024-04-18 21:21:16,638 [WARN] PackLoader:240 - Cannot read IP mode file for STMicroelectronics.X-CUBE-BLE2.3.3.0
2024-04-18 21:21:16,653 [WARN] PackLoader:240 - Cannot read IP mode file for STMicroelectronics.X-CUBE-TCPP.4.1.0
2024-04-18 21:21:16,670 [WARN] PackLoader:240 - Cannot read IP mode file for STMicroelectronics.X-CUBE-ALGOBUILD.1.3.0
2024-04-18 21:21:16,740 [WARN] PackLoader:240 - Cannot read IP mode file for STMicroelectronics.X-CUBE-AZRTOS-G0.1.1.0
2024-04-18 21:21:16,780 [WARN] PackLoader:240 - Cannot read IP mode file for STMicroelectronics.X-CUBE-SAFEA1.1.2.2
2024-04-18 21:21:16,796 [WARN] PackLoader:240 - Cannot read IP mode file for STMicroelectronics.X-CUBE-NFC4.3.0.0
2024-04-18 21:21:16,817 [WARN] PackLoader:240 - Cannot read IP mode file for STMicroelectronics.X-CUBE-BLEMGR.3.0.0
2024-04-18 21:21:16,826 [WARN] PackLoader:240 - Cannot read IP mode file for STMicroelectronics.FP-ATR-SIGFOX1.3.2.0
2024-04-18 21:21:16,842 [WARN] PackLoader:240 - Cannot read IP mode file for STMicroelectronics.X-CUBE-EEPRMA1.5.1.0
2024-04-18 21:21:16,903 [WARN] PackLoader:240 - Cannot read IP mode file for SEGGER.I-CUBE-embOS.1.3.1
2024-04-18 21:21:16,969 [WARN] PackLoader:240 - Cannot read IP mode file for STMicroelectronics.X-CUBE-GNSS1.6.0.0
2024-04-18 21:21:17,008 [WARN] PackLoader:240 - Cannot read IP mode file for STMicroelectronics.X-CUBE-AZRTOS-F4.1.1.0
2024-04-18 21:21:17,029 [WARN] PackLoader:240 - Cannot read IP mode file for wolfSSL.I-CUBE-wolfSSL.5.6.6
2024-04-18 21:21:17,061 [WARN] PackLoader:240 - Cannot read IP mode file for STMicroelectronics.X-CUBE-AZRTOS-L5.2.0.0
2024-04-18 21:21:17,087 [WARN] PackLoader:240 - Cannot read IP mode file for STMicroelectronics.X-CUBE-NFC6.3.1.0
2024-04-18 21:21:17,107 [WARN] PackLoader:240 - Cannot read IP mode file for ITTIA_DB.I-CUBE-ITTIADB.8.8.0
2024-04-18 21:21:17,111 [WARN] PackLoader:240 - Cannot read IP mode file for STMicroelectronics.X-CUBE-AI.9.0.0
2024-04-18 21:21:17,176 [WARN] PackLoader:240 - Cannot read IP mode file for STMicroelectronics.X-CUBE-NFC7.1.0.1
2024-04-18 21:21:17,276 [WARN] PackLoader:240 - Cannot read IP mode file for STMicroelectronics.X-CUBE-NFC6.3.0.0
2024-04-18 21:21:17,296 [WARN] PackLoader:240 - Cannot read IP mode file for STMicroelectronics.X-CUBE-AI.8.1.0
2024-04-18 21:21:17,336 [WARN] ConditionMgr:438 - getConditionDescription Invalid condition id : LAN8742 Phy interface Condition cause : null
2024-04-18 21:21:17,337 [WARN] PackLoader:240 - Cannot read IP mode file for STMicroelectronics.X-CUBE-AZRTOS-L4.2.0.0
2024-04-18 21:21:17,339 [WARN] ConditionMgr:1039 - genDependencies : Invalid condition id : LAN8742 Phy interface Condition cause : null
2024-04-18 21:21:17,339 [WARN] ConditionMgr:1039 - genDependencies : Invalid condition id : LAN8742 Phy interface Condition cause : null
2024-04-18 21:21:17,340 [WARN] ConditionMgr:1039 - genDependencies : Invalid condition id : LAN8742 Phy interface Condition cause : null
2024-04-18 21:21:17,358 [WARN] PackLoader:240 - Cannot read IP mode file for STMicroelectronics.X-CUBE-SFXS2LP1.4.0.0
2024-04-18 21:21:17,390 [WARN] ConditionMgr:438 - getConditionDescription Invalid condition id : UX DEVICE CLASS RTOS Condition cause : null
2024-04-18 21:21:17,390 [WARN] ConditionMgr:438 - getConditionDescription Invalid condition id : UX DEVICE CLASS RTOS Condition cause : null
2024-04-18 21:21:17,393 [WARN] PackLoader:240 - Cannot read IP mode file for STMicroelectronics.X-CUBE-AZRTOS-WB.2.0.0
2024-04-18 21:21:17,395 [WARN] ConditionMgr:1039 - genDependencies : Invalid condition id : UX DEVICE CLASS RTOS Condition cause : null
2024-04-18 21:21:17,395 [WARN] ConditionMgr:1039 - genDependencies : Invalid condition id : UX DEVICE CLASS RTOS Condition cause : null
2024-04-18 21:21:17,396 [WARN] ConditionMgr:1039 - genDependencies : Invalid condition id : UX DEVICE CLASS RTOS Condition cause : null
2024-04-18 21:21:17,397 [WARN] ConditionMgr:1039 - genDependencies : Invalid condition id : UX DEVICE CLASS RTOS Condition cause : null
2024-04-18 21:21:17,397 [WARN] ConditionMgr:1039 - genDependencies : Invalid condition id : UX DEVICE CLASS RTOS Condition cause : null
2024-04-18 21:21:17,420 [WARN] PackLoader:240 - Cannot read IP mode file for STMicroelectronics.X-CUBE-SUBG2.5.0.0
2024-04-18 21:21:17,452 [WARN] PackLoader:240 - Cannot read IP mode file for STMicroelectronics.X-CUBE-AZRTOS-G4.2.0.0
2024-04-18 21:21:17,484 [WARN] PackLoader:240 - Cannot read IP mode file for Infineon.AIROC-Wi-Fi-Bluetooth-STM32.1.5.1
2024-04-18 21:21:17,587 [WARN] PackLoader:240 - Cannot read IP mode file for STMicroelectronics.FP-SNS-MOTENVWB1.1.3.1
2024-04-18 21:21:17,628 [WARN] PackLoader:240 - Cannot read IP mode file for STMicroelectronics.X-CUBE-ISPU.2.0.0
2024-04-18 21:21:17,716 [WARN] PackLoader:240 - Cannot read IP mode file for STMicroelectronics.X-CUBE-MEMS1.10.0.0
2024-04-18 21:21:17,895 [WARN] PackLoader:240 - Cannot read IP mode file for STMicroelectronics.X-CUBE-FREERTOS.1.1.0
2024-04-18 21:21:17,926 [WARN] PackLoader:240 - Cannot read IP mode file for portGmbH.I-Cube-SoM-uGOAL.1.1.0
2024-04-18 21:21:17,956 [WARN] PackLoader:240 - Cannot read IP mode file for STMicroelectronics.X-CUBE-ALS.1.0.1
2024-04-18 21:21:18,005 [WARN] PackLoader:240 - Cannot read IP mode file for STMicroelectronics.X-CUBE-AZRTOS-H7RS.1.0.0
2024-04-18 21:21:18,024 [WARN] PackLoader:240 - Cannot read IP mode file for STMicroelectronics.FP-ATR-ASTRA1.2.0.0
2024-04-18 21:21:18,062 [WARN] PackLoader:240 - Cannot read IP mode file for STMicroelectronics.X-CUBE-TOF1.3.4.0
2024-04-18 21:21:18,093 [WARN] PackLoader:240 - Cannot read IP mode file for STMicroelectronics.X-CUBE-TOF1.3.4.1
2024-04-18 21:21:18,173 [WARN] PackLoader:240 - Cannot read IP mode file for STMicroelectronics.X-CUBE-AZRTOS-H7.3.2.0
2024-04-18 21:21:18,176 [INFO] ThirdParty:978 - Integrity check success = true
2024-04-18 21:21:18,176 [INFO] IntegrityCheckThread:100 - exiting critical section [integrity check]
2024-04-18 21:21:18,176 [INFO] IntegrityCheckThread:103 - End integrity checks thread
